<?xml version="1.0" encoding="UTF-8"?>
<!-- Generated by org.testng.reporters.JUnitXMLReporter -->
<testsuite ignored="0" hostname="DESKTOP-HADT1D5" failures="0" tests="3" name="ParameterDemo1" time="0.013" errors="0" timestamp="2022-12-04T14:59:42 IST">
  <testcase classname="com.nxtgenai.crossbrowsertesting.TestNGParameterDemo2" name="sub" time="0.001"/>
  <testcase classname="com.nxtgenai.crossbrowsertesting.TestNGParameterDemo2" name="add" time="0.001"/>
  <testcase classname="com.nxtgenai.crossbrowsertesting.TestNGParameterDemo2" name="div" time="0.002"/>
</testsuite> <!-- ParameterDemo1 -->
