<?xml version="1.0" encoding="UTF-8"?>
<!-- Generated by org.testng.reporters.JUnitXMLReporter -->
<testsuite ignored="0" hostname="DESKTOP-HADT1D5" failures="0" tests="3" name="ParameterDemo" time="0.069" errors="0" timestamp="2022-12-04T14:59:42 IST">
  <testcase classname="com.nxtgenai.crossbrowsertesting.TestNGParameterDemo" name="sub" time="0.01"/>
  <testcase classname="com.nxtgenai.crossbrowsertesting.TestNGParameterDemo" name="add" time="0.001"/>
  <testcase classname="com.nxtgenai.crossbrowsertesting.TestNGParameterDemo" name="div" time="0.002"/>
</testsuite> <!-- ParameterDemo -->
