<?xml version="1.0" encoding="UTF-8"?>
<!-- Generated by org.testng.reporters.JUnitXMLReporter -->
<testsuite ignored="0" hostname="DESKTOP-HADT1D5" failures="0" tests="3" name="Register Demo Test Case" time="13.412" errors="0" timestamp="2022-11-20T20:00:45 IST">
  <testcase classname="com.nxtgenai.registerdemotestng.RegisterDemoTestNG" name="navigateToRegisterDemoPage" time="1.888"/>
  <testcase classname="com.nxtgenai.registerdemotestng.RegisterDemoTestNG" name="userRegister" time="4.163"/>
  <testcase classname="com.nxtgenai.registerdemotestng.RegisterDemoTestNG" name="validateSuccessfulMessage" time="0.039"/>
</testsuite> <!-- Register Demo Test Case -->
