<?xml version="1.0" encoding="UTF-8"?>
<!-- Generated by org.testng.reporters.JUnitXMLReporter -->
<testsuite ignored="0" hostname="DESKTOP-HADT1D5" failures="0" tests="4" name="Test at class" time="3.688" errors="0" timestamp="2022-12-05T17:21:26 IST">
  <testcase classname="com.nxtgenai.dataprovidertesting.ParallelTestDemo1" name="verifyTitle" time="0.044"/>
  <testcase classname="com.nxtgenai.dataprovidertesting.ParallelTestDemo2" name="verifyTitle" time="0.025"/>
  <testcase classname="com.nxtgenai.dataprovidertesting.ParallelTestDemo1" name="verifyLogo" time="0.073"/>
  <testcase classname="com.nxtgenai.dataprovidertesting.ParallelTestDemo2" name="verifyLogo" time="0.056"/>
</testsuite> <!-- Test at class -->
