<?xml version="1.0" encoding="UTF-8"?>
<!-- Generated by org.testng.reporters.JUnitXMLReporter -->
<testsuite ignored="0" hostname="DESKTOP-HADT1D5" failures="0" tests="5" name="Functional" time="0.077" errors="0" timestamp="2022-12-07T23:49:28 IST">
  <testcase classname="com.nxtgenai.grouping.PaymentTest" name="cashOnDelivery" time="0.01"/>
  <testcase classname="com.nxtgenai.grouping.PaymentTest" name="netBanking" time="0.002"/>
  <testcase classname="com.nxtgenai.grouping.ProductPageTest" name="addProductToCart" time="0.002"/>
  <testcase classname="com.nxtgenai.grouping.ProductPageTest" name="addProductToWishlist" time="0.001"/>
  <testcase classname="com.nxtgenai.grouping.ProductPageTest" name="selectQuantity" time="0.001"/>
</testsuite> <!-- Functional -->
