<?xml version="1.0" encoding="UTF-8"?>
<!-- Generated by org.testng.reporters.JUnitXMLReporter -->
<testsuite ignored="0" hostname="DESKTOP-HADT1D5" failures="0" tests="3" name="Chrome Browser" time="33.914" errors="0" timestamp="2022-12-05T15:16:22 IST">
  <testcase classname="com.nxtgenai.registerdemotestng.RegisterDemoTestNG" name="navigateToRegisterDemoPage" time="2.673"/>
  <testcase classname="com.nxtgenai.registerdemotestng.RegisterDemoTestNG" name="userRegister" time="5.107"/>
  <testcase classname="com.nxtgenai.registerdemotestng.RegisterDemoTestNG" name="validateSuccessfulMessage" time="0.044"/>
</testsuite> <!-- Chrome Browser -->
