<?xml version="1.0" encoding="UTF-8"?>
<!-- Generated by org.testng.reporters.JUnitXMLReporter -->
<testsuite ignored="0" hostname="DESKTOP-HADT1D5" failures="0" tests="3" name="MicroSoft Edge Browser" time="15.562" errors="0" timestamp="2022-12-05T15:16:04 IST">
  <testcase classname="com.nxtgenai.registerdemotestng.RegisterDemoTestNG" name="navigateToRegisterDemoPage" time="2.279"/>
  <testcase classname="com.nxtgenai.registerdemotestng.RegisterDemoTestNG" name="userRegister" time="6.447"/>
  <testcase classname="com.nxtgenai.registerdemotestng.RegisterDemoTestNG" name="validateSuccessfulMessage" time="0.042"/>
</testsuite> <!-- MicroSoft Edge Browser -->
