<?xml version="1.0" encoding="UTF-8"?>
<!-- Generated by org.testng.reporters.JUnitXMLReporter -->
<testsuite ignored="4" hostname="DESKTOP-HADT1D5" failures="0" tests="9" name="NxtGenAI Module" time="0.103" errors="0" timestamp="2022-12-01T23:12:56 IST">
  <testcase classname="com.nxtgenai.grouping.NxtGenAISuite" name="navigateToRegisterForm" time="0.008"/>
  <testcase classname="com.nxtgenai.grouping.NxtGenAISuite" name="registerDemo" time="0.002"/>
  <testcase classname="com.nxtgenai.grouping.NxtGenAISuite" name="navigateToPythonForDataScience" time="0.001"/>
  <testcase classname="com.nxtgenai.grouping.NxtGenAISuite" name="navigateToAutomationWindow" time="0.002"/>
  <testcase classname="com.nxtgenai.grouping.NxtGenAISuite" name="handleNewBrowserWindow" time="0.002"/>
  <testcase classname="com.nxtgenai.grouping.NxtGenAISuite" name="navigateToAutomationAlertPopUp" time="0.002"/>
  <testcase classname="com.nxtgenai.grouping.NxtGenAISuite" name="handleConfirmAlertPopUp" time="0.001"/>
  <testcase classname="com.nxtgenai.grouping.NxtGenAISuite" name="NavigateToAutomationTable" time="0.001"/>
  <testcase classname="com.nxtgenai.grouping.NxtGenAISuite" name="extractsEmployeeDetails" time="0.001"/>
  <testcase classname="com.nxtgenai.grouping.NxtGenAISuite" name="handleNewMessageWindow" time="0.0">
    <ignored/>
  </testcase> <!-- handleNewMessageWindow -->
  <testcase classname="com.nxtgenai.grouping.NxtGenAISuite" name="handleNewTab" time="0.0">
    <ignored/>
  </testcase> <!-- handleNewTab -->
  <testcase classname="com.nxtgenai.grouping.NxtGenAISuite" name="handlePromptPopUp" time="0.0">
    <ignored/>
  </testcase> <!-- handlePromptPopUp -->
  <testcase classname="com.nxtgenai.grouping.NxtGenAISuite" name="handleAlertPopUp" time="0.0">
    <ignored/>
  </testcase> <!-- handleAlertPopUp -->
</testsuite> <!-- NxtGenAI Module -->
