<?xml version="1.0" encoding="UTF-8"?>
<!-- Generated by org.testng.reporters.JUnitXMLReporter -->
<testsuite ignored="0" hostname="DESKTOP-HADT1D5" failures="0" tests="4" name="Register Demo Test case" time="0.082" errors="0" timestamp="2022-11-12T16:01:57 IST">
  <testcase classname="com.nxtgenai.testngannotation.RegisterDemo" name="launchApplication" time="0.023"/>
  <testcase classname="com.nxtgenai.testngannotation.RegisterDemo" name="navigateToRegisterDemoPage" time="0.002"/>
  <testcase classname="com.nxtgenai.testngannotation.RegisterDemo" name="userRegister" time="0.001"/>
  <testcase classname="com.nxtgenai.testngannotation.RegisterDemo" name="closeApplication" time="0.002"/>
</testsuite> <!-- Register Demo Test case -->
