<?xml version="1.0" encoding="UTF-8"?>
<!-- Generated by org.testng.reporters.JUnitXMLReporter -->
<testsuite ignored="0" hostname="DESKTOP-HADT1D5" failures="0" tests="11" name="Test" time="0.094" errors="0" timestamp="2022-12-31T16:04:01 IST">
  <testcase classname="com.nxtgenai.crossbrowsertesting.SampleThreadProgram" name="testCase4" time="0.014"/>
  <testcase classname="com.nxtgenai.crossbrowsertesting.SampleThreadProgram" name="testCase10" time="0.017"/>
  <testcase classname="com.nxtgenai.crossbrowsertesting.SampleThreadProgram" name="testCase11" time="0.015"/>
  <testcase classname="com.nxtgenai.crossbrowsertesting.SampleThreadProgram" name="testCase1" time="0.016"/>
  <testcase classname="com.nxtgenai.crossbrowsertesting.SampleThreadProgram" name="testCase3" time="0.017"/>
  <testcase classname="com.nxtgenai.crossbrowsertesting.SampleThreadProgram" name="testCase5" time="0.018"/>
  <testcase classname="com.nxtgenai.crossbrowsertesting.SampleThreadProgram" name="testCase7" time="0.001"/>
  <testcase classname="com.nxtgenai.crossbrowsertesting.SampleThreadProgram" name="testCase2" time="0.024"/>
  <testcase classname="com.nxtgenai.crossbrowsertesting.SampleThreadProgram" name="testCase8" time="0.006"/>
  <testcase classname="com.nxtgenai.crossbrowsertesting.SampleThreadProgram" name="testCase9" time="0.002"/>
  <testcase classname="com.nxtgenai.crossbrowsertesting.SampleThreadProgram" name="testCase6" time="0.013"/>
</testsuite> <!-- Test -->
