<?xml version="1.0" encoding="UTF-8"?>
<!-- Generated by org.testng.reporters.JUnitXMLReporter -->
<testsuite ignored="0" hostname="DESKTOP-HADT1D5" failures="0" tests="5" name="Sanity" time="0.077" errors="0" timestamp="2022-12-07T23:48:15 IST">
  <testcase classname="com.nxtgenai.grouping.HomeScreenTest" name="launchApplication" time="0.011"/>
  <testcase classname="com.nxtgenai.grouping.HomeScreenTest" name="verifyLogo" time="0.002"/>
  <testcase classname="com.nxtgenai.grouping.HomeScreenTest" name="verifyTitle" time="0.002"/>
  <testcase classname="com.nxtgenai.grouping.LoginTest" name="loginByEmail" time="0.001"/>
  <testcase classname="com.nxtgenai.grouping.LoginTest" name="loginByMobile" time="0.002"/>
</testsuite> <!-- Sanity -->
